     1                                  ; hello-os
     2                                  ; TAB=4
     3                                  
     4                                  		ORG		0x7c00			; 指明程序装载地址
     5                                  
     6                                  ; 标准FAT12格式软盘专用的代码 Stand FAT12 fo-rmat floppy code
     7                                  
     8 00000000 EB4E                    		JMP		entry
     9 00000002 90                      		DB		0x90
    10 00000003 48454C4C4F49504C        		DB		"HELLOIPL"			; 启动扇区名称（8字节）
    11 0000000B 0002                    		DW		512					; 每个扇区（sector）大小（必须512字节）
    12 0000000D 01                      		DB		1					; 簇（cluster）大小（必须为1个扇区）
    13 0000000E 0100                    		DW		1					; FAT起始位置（一般为第一个扇区）
    14 00000010 02                      		DB		2					; FAT个数（必须为2）
    15 00000011 E000                    		DW		224					; 根目录大小（一般为224项）
    16 00000013 400B                    		DW		2880				; 该磁盘大小（必须为2880扇区1440*1024/512）
    17 00000015 F0                      		DB		0xf0				; 磁盘类型（必须为0xf0）
    18 00000016 0900                    		DW		9					; FAT的长度（必??9扇区）
    19 00000018 1200                    		DW		18					; 一个磁道（track）有几个扇区（必须为18）
    20 0000001A 0200                    		DW		2					; 磁头数（必??2）
    21 0000001C 00000000                		DD		0					; 不使用分区，必须是0
    22 00000020 400B0000                		DD		2880				; 重写一次磁盘大小
    23 00000024 000029                  		DB		0,0,0x29			; 意义不明（固定）
    24 00000027 FFFFFFFF                		DD		0xffffffff			; （可能是）卷标号码
    25 0000002B 48454C4C4F2D4F5320-     		DB		"HELLO-OS   "		; 磁盘的名称（必须为11字?，不足填空格）
    25 00000034 2020               
    26 00000036 4641543132202020        		DB		"FAT12   "			; 磁盘格式名称（必??8字?，不足填空格）
    27 0000003E 00<rept>                		TIMES	18 DB 0				; 先空出18字节
    28                                  
    29                                  ; 程序主体
    30                                  
    31                                  entry:
    32 00000050 B80000                  		MOV		AX,0				; 初始化寄存器
    33 00000053 8ED0                    		MOV		SS,AX
    34 00000055 BC007C                  		MOV		SP,0x7c00
    35 00000058 8ED8                    		MOV		DS,AX
    36 0000005A 8EC0                    		MOV		ES,AX
    37                                  
    38 0000005C BE[7400]                		MOV		SI,msg
    39                                  putloop:
    40 0000005F 8A04                    		MOV		AL,[SI]
    41 00000061 83C601                  		ADD		SI,1				; 给SI加1
    42 00000064 3C00                    		CMP		AL,0
    43 00000066 7409                    		JE		fin
    44 00000068 B40E                    		MOV		AH,0x0e				; 显示一个文字
    45 0000006A BB0F00                  		MOV		BX,15				; 指定字符颜色
    46 0000006D CD10                    		INT		0x10				; 调用显卡BIOS
    47 0000006F EBEE                    		JMP		putloop
    48                                  fin:
    49 00000071 F4                      		HLT							; 让CPU停止，等待指令
    50 00000072 EBFD                    		JMP		fin					; 无限循环
    51                                  
    52                                  msg:
    53 00000074 0A0A                    		DB		0x0a, 0x0a			; 换行两次
    54 00000076 68656C6C6F2C20776F-     		DB		"hello, world"
    54 0000007F 726C64             
    55 00000082 0A                      		DB		0x0a				; 换行
    56 00000083 00                      		DB		0
    57                                  
    58 00000084 00<rept>                		TIMES	0x1fe-($-$$) DB 0	; 填写0x00直到0x001fe
    59                                  
    60 000001FE 55AA                    		DB		0x55, 0xaa
